La génération a démarré 03/12/2015 09:48:05.
     1>Projet "C:\Users\yousuvic\Documents\GitHub\R-TYPE\R-Type\R-Type.vcxproj" sur le nœud 2 (Build cible(s)).
     1>ClCompile:
         C:\Program Files (x86)\Microsoft Visual Studio 12.0\VC\bin\CL.exe /c /ZI /nologo /W3 /WX- /sdl /Od /Oy- /D _MBCS /Gm /EHsc /RTC1 /MDd /GS /fp:precise /Zc:wchar_t /Zc:forScope /Fo"Debug\\" /Fd"Debug\vc120.pdb" /Gd /TP /analyze- /errorReport:prompt Controller.cpp Main.cpp Packet.cpp WExchange.cpp WSocket.cpp
         WSocket.cpp
         WExchange.cpp
         Packet.cpp
         Main.cpp
         Controller.cpp
         Génération de code en cours...
       Link:
         C:\Program Files (x86)\Microsoft Visual Studio 12.0\VC\bin\link.exe /ERRORREPORT:PROMPT /OUT:"C:\Users\yousuvic\Documents\GitHub\R-TYPE\\bin\R-Type.exe" /INCREMENTAL /NOLOGO kernel32.lib user32.lib gdi32.lib winspool.lib comdlg32.lib advapi32.lib shell32.lib ole32.lib oleaut32.lib uuid.lib odbc32.lib odbccp32.lib /MANIFEST /MANIFESTUAC:"level='asInvoker' uiAccess='false'" /manifest:embed /DEBUG /PDB:"C:\Users\yousuvic\Documents\GitHub\R-TYPE\\bin\R-Type.pdb" /TLBID:1 /DYNAMICBASE /NXCOMPAT /IMPLIB:"C:\Users\yousuvic\Documents\GitHub\R-TYPE\\bin\R-Type.lib" /MACHINE:X86 Debug\Controller.obj
         Debug\Main.obj
         Debug\Packet.obj
         Debug\WExchange.obj
         Debug\WSocket.obj
         LINK : C:\Users\yousuvic\Documents\GitHub\R-TYPE\\bin\R-Type.exe introuvable ou non généré par la dernière édition de liens incrémentielle ; édition de liens complète en cours
         R-Type.vcxproj -> C:\Users\yousuvic\Documents\GitHub\R-TYPE\\bin\R-Type.exe
     1>Génération du projet "C:\Users\yousuvic\Documents\GitHub\R-TYPE\R-Type\R-Type.vcxproj" terminée (Build cible(s)).

La génération a réussi.

Temps écoulé 00:00:05.60
