c:\users\yousuvic\documents\github\r-type\r-type\debug\vc120.pdb
c:\users\yousuvic\documents\github\r-type\r-type\debug\vc120.idb
c:\users\yousuvic\documents\github\r-type\r-type\debug\controller.obj
c:\users\yousuvic\documents\github\r-type\r-type\debug\main.obj
c:\users\yousuvic\documents\github\r-type\r-type\debug\packet.obj
c:\users\yousuvic\documents\github\r-type\r-type\debug\protocol.obj
c:\users\yousuvic\documents\github\r-type\r-type\debug\wexchange.obj
c:\users\yousuvic\documents\github\r-type\r-type\debug\wsocket.obj
c:\users\yousuvic\documents\github\r-type\r-type\debug\wthread.obj
c:\users\yousuvic\documents\github\r-type\bin\r-type.ilk
c:\users\yousuvic\documents\github\r-type\bin\r-type.exe
c:\users\yousuvic\documents\github\r-type\bin\r-type.pdb
c:\users\yousuvic\documents\github\r-type\\bin\r-type.pdb
c:\users\yousuvic\documents\github\r-type\\bin\r-type.exe
c:\users\yousuvic\documents\github\r-type\\bin\r-type.ilk
c:\users\yousuvic\documents\github\r-type\r-type\debug\r-type.tlog\cl.command.1.tlog
c:\users\yousuvic\documents\github\r-type\r-type\debug\r-type.tlog\cl.read.1.tlog
c:\users\yousuvic\documents\github\r-type\r-type\debug\r-type.tlog\cl.write.1.tlog
c:\users\yousuvic\documents\github\r-type\r-type\debug\r-type.tlog\link.command.1.tlog
c:\users\yousuvic\documents\github\r-type\r-type\debug\r-type.tlog\link.read.1.tlog
c:\users\yousuvic\documents\github\r-type\r-type\debug\r-type.tlog\link.write.1.tlog
